<?xml version="1.0" encoding="UTF-8"?>
<!-- Generated by org.testng.reporters.JUnitReportReporter -->
<testsuite hostname="DESKTOP-3I3MJBS" failures="0" tests="1" name="demo.VerifyTitle" time="0.050" errors="0" timestamp="13 Feb 2019 09:16:07 GMT" skipped="0">
  <testcase classname="demo.VerifyTitle" name="titleVerification" time="0.050"/>
</testsuite> <!-- demo.VerifyTitle -->
