<?xml version="1.0" encoding="UTF-8"?>
<!-- Generated by org.testng.reporters.JUnitReportReporter -->
<testsuite hostname="DESKTOP-3I3MJBS" failures="0" tests="10" name="demo.CBT" time="48.476" errors="0" timestamp="13 Feb 2019 10:52:24 GMT" skipped="0">
  <testcase classname="demo.CBT" name="verifyTitle" time="0.013"/>
  <testcase classname="demo.CBT" name="verifyTitle" time="0.080"/>
  <testcase classname="demo.CBT" name="verifySignInBtnVisibility" time="0.083"/>
  <testcase classname="demo.CBT" name="verifySignInBtnVisibility" time="0.517"/>
  <testcase classname="demo.CBT" name="verifyText" time="0.296"/>
  <testcase classname="demo.CBT" name="verifyText" time="0.047"/>
  <testcase classname="demo.CBT" name="verifySearchBtnStatusBeforeText" time="0.069"/>
  <testcase classname="demo.CBT" name="verifySearchBtnStatusBeforeText" time="0.489"/>
  <testcase classname="demo.CBT" name="verifySearchBtnStatusAfterText" time="0.209"/>
  <testcase classname="demo.CBT" name="verifySearchBtnStatusAfterText" time="46.673"/>
</testsuite> <!-- demo.CBT -->
